<?xml version="1.0" encoding="UTF-8"?>
<!-- Generated by org.testng.reporters.JUnitReportReporter -->
<testsuite hostname="RSADANI-T5X71" name="contactpage.ProductLoanDropdown" tests="1" failures="0" timestamp="20 Jul 2019 14:18:30 GMT" time="88.900" errors="0">
  <testcase name="checkProductLoanDropdown" time="88.900" classname="contactpage.ProductLoanDropdown"/>
</testsuite> <!-- contactpage.ProductLoanDropdown -->
