<?xml version="1.0" encoding="UTF-8"?>
<!-- Generated by org.testng.reporters.JUnitReportReporter -->
<testsuite hostname="RSADANI-T5X71" name="contactpage.CheckErrorWithoutEnteringDetails" tests="1" failures="0" timestamp="20 Jul 2019 14:18:29 GMT" time="69.519" errors="0">
  <testcase name="testErrorWithoutFillingDetails" time="69.519" classname="contactpage.CheckErrorWithoutEnteringDetails"/>
</testsuite> <!-- contactpage.CheckErrorWithoutEnteringDetails -->
