<?xml version="1.0" encoding="UTF-8"?>
<!-- Generated by org.testng.reporters.JUnitReportReporter -->
<testsuite hostname="RSADANI-T5X71" name="contactpage.CheckSelectSubProductEmpty" tests="1" failures="0" timestamp="20 Jul 2019 14:18:29 GMT" time="94.780" errors="0">
  <testcase name="checkSelectSubProductEmpty" time="94.780" classname="contactpage.CheckSelectSubProductEmpty"/>
</testsuite> <!-- contactpage.CheckSelectSubProductEmpty -->
