<?xml version="1.0" encoding="UTF-8"?>
<!-- Generated by org.testng.reporters.JUnitReportReporter -->
<testsuite hostname="RSADANI-T5X71" name="homepage.TestNews" tests="1" failures="0" timestamp="20 Jul 2019 14:18:30 GMT" time="55.414" errors="0">
  <testcase name="testNewsDisplay" time="55.414" classname="homepage.TestNews"/>
</testsuite> <!-- homepage.TestNews -->
