<?xml version="1.0" encoding="UTF-8"?>
<!-- Generated by org.testng.reporters.JUnitReportReporter -->
<testsuite hostname="RSADANI-T5X71" name="homepage.NavigationBar" tests="1" failures="0" timestamp="20 Jul 2019 14:18:30 GMT" time="71.272" errors="0">
  <testcase name="navigationBarCheck" time="71.272" classname="homepage.NavigationBar"/>
</testsuite> <!-- homepage.NavigationBar -->
