<?xml version="1.0" encoding="UTF-8"?>
<!-- Generated by org.testng.reporters.JUnitReportReporter -->
<testsuite hostname="RSADANI-T5X71" name="contactpage.CheckIAmLookingForDropdown" tests="1" failures="0" timestamp="20 Jul 2019 14:18:29 GMT" time="73.638" errors="0">
  <testcase name="checkIAmLookingForDropdown" time="73.638" classname="contactpage.CheckIAmLookingForDropdown"/>
</testsuite> <!-- contactpage.CheckIAmLookingForDropdown -->
