<?xml version="1.0" encoding="UTF-8"?>
<!-- Generated by org.testng.reporters.JUnitReportReporter -->
<testsuite hostname="RSADANI-T5X71" name="contactpage.PhoneNumberAuthentication" tests="2" failures="0" timestamp="20 Jul 2019 14:18:29 GMT" time="252.349" errors="0">
  <testcase name="checkPhoneNumberLessThan7Digits" time="142.971" classname="contactpage.PhoneNumberAuthentication"/>
  <testcase name="checkPhoneNumber7Digits" time="109.378" classname="contactpage.PhoneNumberAuthentication"/>
</testsuite> <!-- contactpage.PhoneNumberAuthentication -->
